<?xml version="1.0" encoding="UTF-8"?>
<testng-results ignored="0" total="2" passed="2" failed="0" skipped="0">
  <reporter-output>
  </reporter-output>
  <suite started-at="2022-05-08T06:20:22Z" name="Smoke suite" finished-at="2022-05-08T06:20:35Z" duration-ms="13699">
    <groups>
    </groups>
    <test started-at="2022-05-08T06:20:22Z" name="Training" finished-at="2022-05-08T06:20:35Z" duration-ms="13699">
      <class name="TestProject.tests.LoginTest">
        <test-method is-config="true" signature="Initialize()[pri:0, instance:TestProject.tests.LoginTest@b3d7190]" started-at="2022-05-08T06:20:22Z" name="Initialize" finished-at="2022-05-08T06:20:22Z" duration-ms="34" status="PASS">
          <reporter-output>
          </reporter-output>
        </test-method> <!-- Initialize -->
        <test-method signature="login()[pri:1, instance:TestProject.tests.LoginTest@b3d7190]" started-at="2022-05-08T06:20:22Z" name="login" description="Login test" finished-at="2022-05-08T06:20:32Z" duration-ms="10166" status="PASS">
          <reporter-output>
          </reporter-output>
        </test-method> <!-- login -->
        <test-method signature="logout()[pri:2, instance:TestProject.tests.LoginTest@b3d7190]" started-at="2022-05-08T06:20:32Z" name="logout" description="Logout test" finished-at="2022-05-08T06:20:35Z" duration-ms="3166" status="PASS">
          <reporter-output>
          </reporter-output>
        </test-method> <!-- logout -->
        <test-method is-config="true" signature="cleanUp()[pri:0, instance:TestProject.tests.LoginTest@b3d7190]" started-at="2022-05-08T06:20:35Z" name="cleanUp" finished-at="2022-05-08T06:20:35Z" duration-ms="300" status="PASS">
          <reporter-output>
          </reporter-output>
        </test-method> <!-- cleanUp -->
      </class> <!-- TestProject.tests.LoginTest -->
    </test> <!-- Training -->
  </suite> <!-- Smoke suite -->
</testng-results>
